<?xml version="1.0" encoding="UTF-8"?>
<!-- Generated by org.testng.reporters.JUnitReportReporter -->
<testsuite hostname="LAPTOP-I65KC2GQ" failures="0" tests="2" name="Acadamy.Homepage" time="4.251" errors="0" timestamp="2021-11-14T08:55:40 IST" skipped="0">
  <testcase classname="Acadamy.Homepage" name="basepagenavigation" time="2.204"/>
  <system-out/>
  <testcase classname="Acadamy.Homepage" name="basepagenavigation" time="2.047"/>
  <system-out/>
</testsuite> <!-- Acadamy.Homepage -->
