<?xml version="1.0" encoding="UTF-8"?>
<!-- Generated by org.testng.reporters.JUnitReportReporter -->
<testsuite hostname="LAPTOP-I65KC2GQ" failures="0" tests="1" name="Acadamy.validatetitlenavigationbar" time="0.099" errors="0" timestamp="2021-11-14T08:55:40 IST" skipped="0">
  <testcase classname="Acadamy.validatetitlenavigationbar" name="basepagenavigation" time="0.099"/>
  <system-out/>
</testsuite> <!-- Acadamy.validatetitlenavigationbar -->
