<?xml version="1.0" encoding="UTF-8"?>
<!-- Generated by org.testng.reporters.JUnitReportReporter -->
<testsuite skipped="0" hostname="LAPTOP-I65KC2GQ" name="Acadamy.Homepage" tests="2" failures="0" timestamp="2021-11-15T18:59:48 IST" time="4.539" errors="0">
  <testcase name="basepagenavigation" time="1.977" classname="Acadamy.Homepage"/>
  <system-out/>
  <testcase name="basepagenavigation" time="2.562" classname="Acadamy.Homepage"/>
  <system-out/>
</testsuite> <!-- Acadamy.Homepage -->
