<?xml version="1.0" encoding="UTF-8"?>
<!-- Generated by org.testng.reporters.JUnitReportReporter -->
<testsuite skipped="0" hostname="LAPTOP-I65KC2GQ" name="Acadamy.validatetitle" tests="1" failures="0" timestamp="2021-11-15T18:59:48 IST" time="0.100" errors="0">
  <testcase name="basepagenavigation" time="0.100" classname="Acadamy.validatetitle"/>
  <system-out/>
</testsuite> <!-- Acadamy.validatetitle -->
